  Moc'ing antiforget.h...
  系统找不到指定的路径。
  Moc'ing clickrightbutton.h...
  系统找不到指定的路径。
  Moc'ing face.h...
  系统找不到指定的路径。
  Moc'ing fileshareclient.h...
  系统找不到指定的路径。
  Moc'ing fileshareserver.h...
  系统找不到指定的路径。
  Moc'ing friendpart.h...
  系统找不到指定的路径。
  Moc'ing help.h...
  系统找不到指定的路径。
  Moc'ing movefriendtonewgroup.h...
  系统找不到指定的路径。
  Moc'ing set.h...
  系统找不到指定的路径。
  Moc'ing snake.h...
  系统找不到指定的路径。
  Moc'ing sysbutton.h...
  系统找不到指定的路径。
  Moc'ing tcpclient.h...
  系统找不到指定的路径。
  Moc'ing tcpserver.h...
  系统找不到指定的路径。
  Moc'ing widget.h...
  系统找不到指定的路径。
  Moc'ing wyface.h...
  系统找不到指定的路径。
  Moc'ing wytcpclient.h...
  系统找不到指定的路径。
  Moc'ing wytcpserver.h...
  系统找不到指定的路径。
  Moc'ing wywidget.h...
  系统找不到指定的路径。
  Moc'ing yingyong.h...
  系统找不到指定的路径。
  Moc'ing ymzwidget.h...
  系统找不到指定的路径。
  Moc'ing yoajiang.h...
  系统找不到指定的路径。
  Generate moc_predefs.h
  Uic'ing antiforget.ui...
  系统找不到指定的路径。
  Uic'ing changegroup.ui...
  系统找不到指定的路径。
  Uic'ing clickrightbutton.ui...
  系统找不到指定的路径。
  Uic'ing face.ui...
  系统找不到指定的路径。
  Uic'ing fileshareclient.ui...
  系统找不到指定的路径。
  Uic'ing fileshareserver.ui...
  系统找不到指定的路径。
  Uic'ing help.ui...
  系统找不到指定的路径。
  Uic'ing lilintao.ui...
  系统找不到指定的路径。
  Uic'ing movefriendtonewgroup.ui...
  系统找不到指定的路径。
  Uic'ing set.ui...
  系统找不到指定的路径。
  Uic'ing snake.ui...
  系统找不到指定的路径。
  Uic'ing tcpclient.ui...
  系统找不到指定的路径。
  Uic'ing tcpserver.ui...
  系统找不到指定的路径。
  Uic'ing wyface.ui...
  系统找不到指定的路径。
  Uic'ing wytcpclient.ui...
  系统找不到指定的路径。
  Uic'ing wytcpserver.ui...
  系统找不到指定的路径。
  Uic'ing wywidget.ui...
  系统找不到指定的路径。
  Uic'ing yingyong.ui...
  系统找不到指定的路径。
  Uic'ing ymzwidget.ui...
  系统找不到指定的路径。
  Uic'ing yoajiang.ui...
  系统找不到指定的路径。
C:\Program Files (x86)\MSBuild\Microsoft.Cpp\v4.0\V140\Microsoft.CppCommon.targets(171,5): error MSB6006: “cmd.exe”已退出，代码为 3。
